Using pre-set license
Built from '2020.3/staging' branch; Version is '2020.3.30f1 (1fb1bf06830e) revision 2077119'; Using compiler version '192528614'; Build Type 'Release'
OS: 'Windows 10  (10.0.19044) 64bit Professional' Language: 'ko' Physical Memory: 16225 MB
BatchMode: 1, IsHumanControllingUs: 0, StartBugReporterOnCrash: 0, Is64bit: 1, IsPro: 0

COMMAND LINE ARGUMENTS:
Q:\Unity\Unity 2020.3.30f1\Editor\Unity.exe
-adb2
-batchMode
-noUpm
-name
AssetImportWorker0
-projectPath
Q:/Unity_File/ShinYunDoe
-logFile
Logs/AssetImportWorker0.log
-srvPort
63886
Successfully changed project path to: Q:/Unity_File/ShinYunDoe
Q:/Unity_File/ShinYunDoe
Using Asset Import Pipeline V2.
Refreshing native plugins compatible for Editor in 27.68 ms, found 2 plugins.
Preloading 0 native plugins for Editor in 0.00 ms.
Initialize engine version: 2020.3.30f1 (1fb1bf06830e)
[Subsystems] Discovering subsystems at path Q:/Unity/Unity 2020.3.30f1/Editor/Data/Resources/UnitySubsystems
[Subsystems] Discovering subsystems at path Q:/Unity_File/ShinYunDoe/Assets
GfxDevice: creating device client; threaded=0
Direct3D:
    Version:  Direct3D 11.0 [level 11.1]
    Renderer: NVIDIA GeForce RTX 2060 (ID=0x1f11)
    Vendor:   
    VRAM:     5980 MB
    Driver:   30.0.14.7212
Initialize mono
Mono path[0] = 'Q:/Unity/Unity 2020.3.30f1/Editor/Data/Managed'
Mono path[1] = 'Q:/Unity/Unity 2020.3.30f1/Editor/Data/MonoBleedingEdge/lib/mono/unityjit'
Mono config path = 'Q:/Unity/Unity 2020.3.30f1/Editor/Data/MonoBleedingEdge/etc'
Using monoOptions --debugger-agent=transport=dt_socket,embedding=1,server=y,suspend=n,address=127.0.0.1:56092
Begin MonoManager ReloadAssembly
Registering precompiled unity dll's ...
Register platform support module: Q:/Unity/Unity 2020.3.30f1/Editor/Data/PlaybackEngines/WindowsStandaloneSupport/UnityEditor.WindowsStandalone.Extensions.dll
Registered in 0.001383 seconds.
Native extension for WindowsStandalone target not found
Refreshing native plugins compatible for Editor in 26.29 ms, found 2 plugins.
Preloading 0 native plugins for Editor in 0.00 ms.
Mono: successfully reloaded assembly
- Completed reload, in  0.539 seconds
Domain Reload Profiling:
	ReloadAssembly (539ms)
		BeginReloadAssembly (81ms)
			ExecutionOrderSort (0ms)
			DisableScriptedObjects (0ms)
			BackupInstance (0ms)
			ReleaseScriptingObjects (0ms)
			CreateAndSetChildDomain (1ms)
		EndReloadAssembly (397ms)
			LoadAssemblies (81ms)
			RebuildTransferFunctionScriptingTraits (0ms)
			SetupTypeCache (138ms)
			ReleaseScriptCaches (0ms)
			RebuildScriptCaches (28ms)
			SetupLoadedEditorAssemblies (144ms)
				LogAssemblyErrors (0ms)
				InitializePlatformSupportModulesInManaged (4ms)
				SetLoadedEditorAssemblies (0ms)
				RefreshPlugins (26ms)
				BeforeProcessingInitializeOnLoad (7ms)
				ProcessInitializeOnLoadAttributes (80ms)
				ProcessInitializeOnLoadMethodAttributes (26ms)
				AfterProcessingInitializeOnLoad (0ms)
				EditorAssembliesLoaded (0ms)
			ExecutionOrderSort2 (0ms)
			AwakeInstancesAfterBackupRestoration (0ms)
Platform modules already initialized, skipping
Registering precompiled user dll's ...
Registered in 0.003293 seconds.
Begin MonoManager ReloadAssembly
Native extension for WindowsStandalone target not found
Refreshing native plugins compatible for Editor in 0.29 ms, found 2 plugins.
Preloading 0 native plugins for Editor in 0.00 ms.
Mono: successfully reloaded assembly
- Completed reload, in  0.906 seconds
Domain Reload Profiling:
	ReloadAssembly (907ms)
		BeginReloadAssembly (155ms)
			ExecutionOrderSort (0ms)
			DisableScriptedObjects (4ms)
			BackupInstance (0ms)
			ReleaseScriptingObjects (0ms)
			CreateAndSetChildDomain (16ms)
		EndReloadAssembly (695ms)
			LoadAssemblies (108ms)
			RebuildTransferFunctionScriptingTraits (0ms)
			SetupTypeCache (251ms)
			ReleaseScriptCaches (0ms)
			RebuildScriptCaches (37ms)
			SetupLoadedEditorAssemblies (244ms)
				LogAssemblyErrors (0ms)
				InitializePlatformSupportModulesInManaged (4ms)
				SetLoadedEditorAssemblies (0ms)
				RefreshPlugins (0ms)
				BeforeProcessingInitializeOnLoad (45ms)
				ProcessInitializeOnLoadAttributes (184ms)
				ProcessInitializeOnLoadMethodAttributes (8ms)
				AfterProcessingInitializeOnLoad (2ms)
				EditorAssembliesLoaded (0ms)
			ExecutionOrderSort2 (0ms)
			AwakeInstancesAfterBackupRestoration (6ms)
Platform modules already initialized, skipping
========================================================================
Worker process is ready to serve import requests
Launched and connected shader compiler UnityShaderCompiler.exe after 0.05 seconds
Refreshing native plugins compatible for Editor in 0.43 ms, found 2 plugins.
Preloading 0 native plugins for Editor in 0.00 ms.
Unloading 1502 Unused Serialized files (Serialized files now loaded: 0)
System memory in use before: 67.6 MB.
System memory in use after: 67.7 MB.

Unloading 16 unused Assets to reduce memory usage. Loaded Objects now: 1937.
Total: 2.385600 ms (FindLiveObjects: 0.103100 ms CreateObjectMapping: 0.038100 ms MarkObjects: 2.190900 ms  DeleteObjects: 0.052900 ms)

AssetImportParameters requested are different than current active one (requested -> active):
  custom:framework-win-MediaFoundation: 216162199b28c13a410421893ffa2e32 -> 
  custom:video-decoder-ogg-theora: a1e56fd34408186e4bbccfd4996cb3dc -> 
  custom:container-muxer-webm: aa71ff27fc2769a1b78a27578f13a17b -> 
  custom:container-demuxer-webm: 4f35f7cbe854078d1ac9338744f61a02 -> 
  custom:container-demuxer-ogg: 62fdf1f143b41e24485cea50d1cbac27 -> 
  custom:video-encoder-webm-vp8: eb34c28f22e8b96e1ab97ce403110664 -> 
  custom:video-decoder-webm-vp8: 9c59270c3fd7afecdb556c50c9e8de78 -> 
  custom:audio-decoder-ogg-vorbis: bf7c407c2cedff20999df2af8eb42d56 -> 
  custom:audio-encoder-webm-vorbis: bf7c407c2cedff20999df2af8eb42d56 -> 
========================================================================
Received Import Request.
  path: Assets/Scenes/2.fbx
  artifactKey: Guid(8726ac64767599d4cb9a2ab589ac5b94) Importer(815301076,1909f56bfc062723c751e8b465ee728b)
Start importing Assets/Scenes/2.fbx using Guid(8726ac64767599d4cb9a2ab589ac5b94) Importer(815301076,1909f56bfc062723c751e8b465ee728b)  -> (artifact id: '60abe5ab1e423e298c4262c9827fce89') in 0.562816 seconds 
========================================================================
Received Import Request.
  Time since last request: 0.000318 seconds.
  path: Assets/Scenes
  artifactKey: Guid(7f19ade62038fe54581b56e0296a22f7) Importer(815301076,1909f56bfc062723c751e8b465ee728b)
Start importing Assets/Scenes using Guid(7f19ade62038fe54581b56e0296a22f7) Importer(815301076,1909f56bfc062723c751e8b465ee728b)  -> (artifact id: 'ee0d3f3424e7ef7669c112111542e50d') in 0.006583 seconds 
========================================================================
Received Import Request.
  Time since last request: 56.519769 seconds.
  path: Assets/Scenes/2.fbx
  artifactKey: Guid(8726ac64767599d4cb9a2ab589ac5b94) Importer(815301076,1909f56bfc062723c751e8b465ee728b)
Start importing Assets/Scenes/2.fbx using Guid(8726ac64767599d4cb9a2ab589ac5b94) Importer(815301076,1909f56bfc062723c751e8b465ee728b)  -> (artifact id: 'bc2a3e8755ec97f7eb008123d4b3a724') in 0.109380 seconds 
========================================================================
Received Import Request.
  Time since last request: 0.000434 seconds.
  path: Assets/Scenes/Wood Texture 1.jpg
  artifactKey: Guid(52f22f058d827ea4e8d53778b2e08fc6) Importer(815301076,1909f56bfc062723c751e8b465ee728b)
Start importing Assets/Scenes/Wood Texture 1.jpg using Guid(52f22f058d827ea4e8d53778b2e08fc6) Importer(815301076,1909f56bfc062723c751e8b465ee728b)  -> (artifact id: 'f23c6cfab7cf1b56cf7c18ee09710ef6') in 0.087504 seconds 
========================================================================
Received Import Request.
  Time since last request: 0.000333 seconds.
  path: Assets/Scenes/Wood Texture.jpg
  artifactKey: Guid(94c501c3f5a45b34b9fd0fc4ae0668a7) Importer(815301076,1909f56bfc062723c751e8b465ee728b)
Start importing Assets/Scenes/Wood Texture.jpg using Guid(94c501c3f5a45b34b9fd0fc4ae0668a7) Importer(815301076,1909f56bfc062723c751e8b465ee728b)  -> (artifact id: 'd2174bbc8ea3e3bb10e80a06dc134900') in 0.014984 seconds 
========================================================================
Received Import Request.
  Time since last request: 5.224809 seconds.
  path: Assets/Scenes/2.fbx
  artifactKey: Guid(8726ac64767599d4cb9a2ab589ac5b94) Importer(815301076,1909f56bfc062723c751e8b465ee728b)
Start importing Assets/Scenes/2.fbx using Guid(8726ac64767599d4cb9a2ab589ac5b94) Importer(815301076,1909f56bfc062723c751e8b465ee728b)  -> (artifact id: '4608b600158669f5685414356355cd2e') in 0.057746 seconds 
========================================================================
Received Import Request.
  Time since last request: 0.000174 seconds.
  path: Assets/Scenes/Material #26.mat
  artifactKey: Guid(a38011f750c62574aa8c68bd64e02325) Importer(815301076,1909f56bfc062723c751e8b465ee728b)
Start importing Assets/Scenes/Material #26.mat using Guid(a38011f750c62574aa8c68bd64e02325) Importer(815301076,1909f56bfc062723c751e8b465ee728b)  -> (artifact id: 'afd8413ac7481ac93dd1d1fa039f231e') in 0.023692 seconds 
========================================================================
Received Import Request.
  Time since last request: 0.000202 seconds.
  path: Assets/Scenes/Material #25.mat
  artifactKey: Guid(fd9e9cbdd6efe9c4080568e1cf673381) Importer(815301076,1909f56bfc062723c751e8b465ee728b)
Start importing Assets/Scenes/Material #25.mat using Guid(fd9e9cbdd6efe9c4080568e1cf673381) Importer(815301076,1909f56bfc062723c751e8b465ee728b)  -> (artifact id: 'bcb1975f1bff4ae42fdd0cf2b8e9b9c4') in 0.013150 seconds 
AssetImportWorkerClient::OnTransportError - code=2 error=End of file
